<?xml version="1.0" encoding="UTF-8"?>
<!-- Generated by org.testng.reporters.JUnitXMLReporter -->
<testsuite ignored="0" hostname="DESKTOP-BCHKUU5" failures="0" tests="4" name="OpenCart Tests" time="40.082" errors="0" timestamp="2022-01-31T13:25:01 EST">
  <testcase classname="testCases.TC_003_LoginDDT" name="test_LoginDDT" time="3.26"/>
  <testcase classname="testCases.TC_003_LoginDDT" name="test_LoginDDT" time="11.481"/>
  <testcase classname="testCases.TC_003_LoginDDT" name="test_LoginDDT" time="11.581"/>
  <testcase classname="testCases.TC_003_LoginDDT" name="test_LoginDDT" time="11.546"/>
</testsuite> <!-- OpenCart Tests -->
