<?xml version="1.0" encoding="UTF-8"?>
<!-- Generated by org.testng.reporters.JUnitXMLReporter -->
<testsuite ignored="0" hostname="DESKTOP-BCHKUU5" failures="0" tests="4" name="OpenCart Tests" time="42.687" errors="0" timestamp="2022-01-31T13:24:20 EST">
  <testcase classname="testCases.TC_003_LoginDDT" name="test_LoginDDT" time="3.397"/>
  <testcase classname="testCases.TC_003_LoginDDT" name="test_LoginDDT" time="11.464"/>
  <testcase classname="testCases.TC_003_LoginDDT" name="test_LoginDDT" time="11.593"/>
  <testcase classname="testCases.TC_003_LoginDDT" name="test_LoginDDT" time="11.516"/>
</testsuite> <!-- OpenCart Tests -->
