<?xml version="1.0" encoding="UTF-8"?>
<!-- Generated by org.testng.reporters.JUnitXMLReporter -->
<testsuite ignored="0" hostname="DESKTOP-BCHKUU5" failures="0" tests="4" name="OpenCart Tests" time="43.67" errors="0" timestamp="2022-01-31T11:37:05 EST">
  <testcase classname="testCases.TC_003_LoginDDT" name="test_LoginDDT" time="4.299"/>
  <testcase classname="testCases.TC_003_LoginDDT" name="test_LoginDDT" time="11.758"/>
  <testcase classname="testCases.TC_003_LoginDDT" name="test_LoginDDT" time="11.565"/>
  <testcase classname="testCases.TC_003_LoginDDT" name="test_LoginDDT" time="11.488"/>
</testsuite> <!-- OpenCart Tests -->
